build/app/intermediates/manifest_merge_blame_file/release/manifest-merger-blame-release-report.txt
1<?xml version="1.0" encoding="utf-8"?>
2<manifest xmlns:android="http://schemas.android.com/apk/res/android"
3    package="com.example.sharing"
4    android:versionCode="1"
5    android:versionName="1.0.0" >
6
7    <uses-sdk
8        android:minSdkVersion="21"
8-->src\main\AndroidManifest.xml
9        android:targetSdkVersion="34" />
9-->src\main\AndroidManifest.xml
10
11    <uses-permission android:name="android.permission.INTERNET" />
11-->src\main\AndroidManifest.xml:2:1-62
11-->src\main\AndroidManifest.xml:2:18-60
12    <!--
13         Required to query activities that can process text, see:
14         https://developer.android.com/training/package-visibility and
15         https://developer.android.com/reference/android/content/Intent#ACTION_PROCESS_TEXT.
16
17         In particular, this is used by the Flutter engine in io.flutter.plugin.text.ProcessTextPlugin.
18    -->
19    <queries>
19-->src\main\AndroidManifest.xml:41:5-46:15
20        <intent>
20-->src\main\AndroidManifest.xml:42:9-45:18
21            <action android:name="android.intent.action.PROCESS_TEXT" />
21-->src\main\AndroidManifest.xml:43:13-72
21-->src\main\AndroidManifest.xml:43:21-70
22
23            <data android:mimeType="text/plain" />
23-->src\main\AndroidManifest.xml:44:13-50
23-->src\main\AndroidManifest.xml:44:19-48
24        </intent>
25    </queries>
26
27    <application
28        android:name="android.app.Application"
28-->src\main\AndroidManifest.xml:6:9-42
29        android:appComponentFactory="androidx.core.app.CoreComponentFactory"
29-->[androidx.core:core:1.6.0] AndroidManifest.xml:24:18-86
30        android:icon="@mipmap/ic_launcher"
30-->src\main\AndroidManifest.xml:7:9-43
31        android:label="sharing" >
31-->src\main\AndroidManifest.xml:5:9-32
32        <activity
32-->src\main\AndroidManifest.xml:8:9-29:20
33            android:name="com.example.sharing.MainActivity"
33-->src\main\AndroidManifest.xml:9:13-41
34            android:configChanges="orientation|keyboardHidden|keyboard|screenSize|smallestScreenSize|locale|layoutDirection|fontScale|screenLayout|density|uiMode"
34-->src\main\AndroidManifest.xml:14:13-163
35            android:exported="true"
35-->src\main\AndroidManifest.xml:10:13-36
36            android:hardwareAccelerated="true"
36-->src\main\AndroidManifest.xml:15:13-47
37            android:launchMode="singleTop"
37-->src\main\AndroidManifest.xml:11:13-43
38            android:taskAffinity=""
38-->src\main\AndroidManifest.xml:12:13-36
39            android:theme="@style/LaunchTheme"
39-->src\main\AndroidManifest.xml:13:13-47
40            android:windowSoftInputMode="adjustResize" >
40-->src\main\AndroidManifest.xml:16:13-55
41
42            <!--
43                 Specifies an Android theme to apply to this Activity as soon as
44                 the Android process has started. This theme is visible to the user
45                 while the Flutter UI initializes. After that, this theme continues
46                 to determine the Window background behind the Flutter UI.
47            -->
48            <meta-data
48-->src\main\AndroidManifest.xml:21:13-24:17
49                android:name="io.flutter.embedding.android.NormalTheme"
49-->src\main\AndroidManifest.xml:22:15-70
50                android:resource="@style/NormalTheme" />
50-->src\main\AndroidManifest.xml:23:15-52
51
52            <intent-filter>
52-->src\main\AndroidManifest.xml:25:13-28:29
53                <action android:name="android.intent.action.MAIN" />
53-->src\main\AndroidManifest.xml:26:17-68
53-->src\main\AndroidManifest.xml:26:25-66
54
55                <category android:name="android.intent.category.LAUNCHER" />
55-->src\main\AndroidManifest.xml:27:17-76
55-->src\main\AndroidManifest.xml:27:27-74
56            </intent-filter>
57        </activity>
58        <!--
59             Don't delete the meta-data below.
60             This is used by the Flutter tool to generate GeneratedPluginRegistrant.java
61        -->
62        <meta-data
62-->src\main\AndroidManifest.xml:32:9-34:33
63            android:name="flutterEmbedding"
63-->src\main\AndroidManifest.xml:33:13-44
64            android:value="2" />
64-->src\main\AndroidManifest.xml:34:13-30
65
66        <uses-library
66-->[androidx.window:window:1.0.0-beta04] AndroidManifest.xml:25:9-27:40
67            android:name="androidx.window.extensions"
67-->[androidx.window:window:1.0.0-beta04] AndroidManifest.xml:26:13-54
68            android:required="false" />
68-->[androidx.window:window:1.0.0-beta04] AndroidManifest.xml:27:13-37
69        <uses-library
69-->[androidx.window:window:1.0.0-beta04] AndroidManifest.xml:28:9-30:40
70            android:name="androidx.window.sidecar"
70-->[androidx.window:window:1.0.0-beta04] AndroidManifest.xml:29:13-51
71            android:required="false" />
71-->[androidx.window:window:1.0.0-beta04] AndroidManifest.xml:30:13-37
72    </application>
73
74</manifest>